2024-05-14 15:56:45.4662|SocialMediaAPI.Middleware.RequestLoggingMiddleware|INFO|Incoming request: POST /api/users/login 
2024-05-14 15:56:47.3181|SocialMediaAPI.Controllers.CLUsersController|INFO|User controller constructor called 
2024-05-14 15:56:47.3768|SocialMediaAPI.Middleware.RequestLoggingMiddleware|INFO|Outgoing response: 400 
2024-05-14 15:59:32.3832|SocialMediaAPI.Middleware.RequestLoggingMiddleware|INFO|Incoming request: GET /api/users 
2024-05-14 15:59:32.3935|SocialMediaAPI.Middleware.RequestLoggingMiddleware|INFO|Outgoing response: 401 
2024-05-14 15:59:34.1530|SocialMediaAPI.Middleware.RequestLoggingMiddleware|INFO|Incoming request: GET /api/users 
2024-05-14 15:59:34.1530|SocialMediaAPI.Middleware.RequestLoggingMiddleware|INFO|Outgoing response: 401 
2024-05-14 16:01:14.7502|SocialMediaAPI.Middleware.RequestLoggingMiddleware|INFO|Incoming request: POST /api/users/login 
2024-05-14 16:01:14.7520|SocialMediaAPI.Controllers.CLUsersController|INFO|User controller constructor called 
2024-05-14 16:01:14.7822|SocialMediaAPI.Middleware.RequestLoggingMiddleware|INFO|Outgoing response: 400 
2024-05-14 16:02:18.1672|SocialMediaAPI.Middleware.RequestLoggingMiddleware|INFO|Incoming request: POST /api/users/login 
2024-05-14 16:02:18.7106|SocialMediaAPI.Controllers.CLUsersController|INFO|User controller constructor called 
2024-05-14 16:02:18.8245|SocialMediaAPI.Middleware.RequestLoggingMiddleware|INFO|Outgoing response: 400 
2024-05-14 16:03:13.3464|SocialMediaAPI.Middleware.RequestLoggingMiddleware|INFO|Incoming request: POST /api/users/login 
2024-05-14 16:03:13.4085|SocialMediaAPI.Controllers.CLUsersController|INFO|User controller constructor called 
2024-05-14 16:03:13.4154|SocialMediaAPI.Middleware.RequestLoggingMiddleware|INFO|Outgoing response: 400 
2024-05-14 16:04:05.6922|SocialMediaAPI.Middleware.RequestLoggingMiddleware|INFO|Incoming request: POST /api/users/login 
2024-05-14 16:04:05.7075|SocialMediaAPI.Controllers.CLUsersController|INFO|User controller constructor called 
2024-05-14 16:04:05.7075|SocialMediaAPI.Middleware.RequestLoggingMiddleware|INFO|Outgoing response: 400 
2024-05-14 16:05:16.3195|SocialMediaAPI.Middleware.RequestLoggingMiddleware|INFO|Incoming request: POST /api/users/login 
2024-05-14 16:05:16.5873|SocialMediaAPI.Controllers.CLUsersController|INFO|User controller constructor called 
2024-05-14 16:05:16.6898|SocialMediaAPI.Middleware.RequestLoggingMiddleware|INFO|Outgoing response: 400 
2024-05-14 16:06:26.3408|SocialMediaAPI.Middleware.RequestLoggingMiddleware|INFO|Incoming request: POST /api/users/login 
2024-05-14 16:06:26.4806|SocialMediaAPI.Controllers.CLUsersController|INFO|User controller constructor called 
2024-05-14 16:06:26.4806|SocialMediaAPI.Middleware.RequestLoggingMiddleware|INFO|Outgoing response: 400 
2024-05-14 16:08:36.7674|SocialMediaAPI.Middleware.RequestLoggingMiddleware|INFO|Incoming request: POST /api/users/login 
2024-05-14 16:08:37.2574|SocialMediaAPI.Controllers.CLUsersController|INFO|User controller constructor called 
2024-05-14 16:08:37.5586|SocialMediaAPI.Middleware.RequestLoggingMiddleware|INFO|Outgoing response: 400 
2024-05-14 16:08:45.4198|SocialMediaAPI.Middleware.RequestLoggingMiddleware|INFO|Incoming request: POST /api/users/login 
2024-05-14 16:08:45.4198|SocialMediaAPI.Controllers.CLUsersController|INFO|User controller constructor called 
2024-05-14 16:08:57.9008|SocialMediaAPI.Controllers.CLUsersController|INFO|Login method called 
2024-05-14 16:09:10.6019|SocialMediaAPI.BL.BLUsers|ERROR|Username or password is incorrect 
2024-05-14 16:09:15.9990|SocialMediaAPI.Middleware.RequestLoggingMiddleware|INFO|Outgoing response: 200 
2024-05-14 16:09:40.8115|SocialMediaAPI.Middleware.RequestLoggingMiddleware|INFO|Incoming request: POST /api/users/login 
2024-05-14 16:09:42.4886|SocialMediaAPI.Controllers.CLUsersController|INFO|User controller constructor called 
2024-05-14 16:09:43.4307|SocialMediaAPI.Controllers.CLUsersController|INFO|Login method called 
2024-05-14 16:10:00.3349|SocialMediaAPI.Middleware.RequestLoggingMiddleware|INFO|Outgoing response: 200 
2024-05-14 16:12:30.1333|SocialMediaAPI.Middleware.RequestLoggingMiddleware|INFO|Incoming request: POST /api/users/login 
2024-05-14 16:12:30.1333|SocialMediaAPI.Controllers.CLUsersController|INFO|User controller constructor called 
2024-05-14 16:12:32.2147|SocialMediaAPI.Controllers.CLUsersController|INFO|Login method called 
2024-05-14 16:12:32.6227|SocialMediaAPI.Middleware.RequestLoggingMiddleware|INFO|Outgoing response: 200 
2024-05-14 16:14:01.9953|SocialMediaAPI.Middleware.RequestLoggingMiddleware|INFO|Incoming request: POST /api/users/login 
2024-05-14 16:14:02.2948|SocialMediaAPI.Controllers.CLUsersController|INFO|User controller constructor called 
2024-05-14 16:14:04.9539|SocialMediaAPI.Controllers.CLUsersController|INFO|Login method called 
2024-05-14 16:14:35.7777|SocialMediaAPI.Middleware.RequestLoggingMiddleware|INFO|Outgoing response: 200 
2024-05-14 16:14:57.3781|SocialMediaAPI.Middleware.RequestLoggingMiddleware|INFO|Incoming request: POST /api/users/login 
2024-05-14 16:14:57.3781|SocialMediaAPI.Controllers.CLUsersController|INFO|User controller constructor called 
2024-05-14 16:15:00.4230|SocialMediaAPI.Controllers.CLUsersController|INFO|Login method called 
2024-05-14 16:15:08.5502|SocialMediaAPI.BL.BLUsers|ERROR|Username or password is incorrect 
2024-05-14 16:15:12.6938|SocialMediaAPI.Middleware.RequestLoggingMiddleware|INFO|Outgoing response: 200 
2024-05-14 16:17:14.0569|SocialMediaAPI.Middleware.RequestLoggingMiddleware|INFO|Incoming request: POST /api/users/login 
2024-05-14 16:17:14.3381|SocialMediaAPI.Controllers.CLUsersController|INFO|User controller constructor called 
2024-05-14 16:17:18.5792|SocialMediaAPI.Controllers.CLUsersController|INFO|Login method called 
2024-05-14 16:17:22.7377|SocialMediaAPI.Middleware.RequestLoggingMiddleware|INFO|Outgoing response: 200 
2024-05-14 16:17:32.2708|SocialMediaAPI.Middleware.RequestLoggingMiddleware|INFO|Incoming request: POST /api/users/login 
2024-05-14 16:17:32.2915|SocialMediaAPI.Controllers.CLUsersController|INFO|User controller constructor called 
2024-05-14 16:17:33.8234|SocialMediaAPI.Controllers.CLUsersController|INFO|Login method called 
2024-05-14 16:17:34.0896|SocialMediaAPI.BL.BLUsers|ERROR|Username or password is incorrect 
2024-05-14 16:17:34.0896|SocialMediaAPI.Middleware.RequestLoggingMiddleware|INFO|Outgoing response: 200 
2024-05-14 16:24:04.6355|SocialMediaAPI.Middleware.RequestLoggingMiddleware|INFO|Incoming request: POST /api/users/login 
2024-05-14 16:24:05.2789|SocialMediaAPI.Controllers.CLUsersController|INFO|User controller constructor called 
2024-05-14 16:24:07.0328|SocialMediaAPI.Controllers.CLUsersController|INFO|Login method called 
2024-05-14 16:24:09.2723|SocialMediaAPI.Middleware.RequestLoggingMiddleware|INFO|Outgoing response: 200 
2024-05-14 16:24:14.8102|SocialMediaAPI.Middleware.RequestLoggingMiddleware|INFO|Incoming request: POST /api/users/login 
2024-05-14 16:24:14.8102|SocialMediaAPI.Controllers.CLUsersController|INFO|User controller constructor called 
2024-05-14 16:24:16.3947|SocialMediaAPI.Controllers.CLUsersController|INFO|Login method called 
2024-05-14 16:24:16.8063|SocialMediaAPI.BL.BLUsers|ERROR|Username or password is incorrect 
2024-05-14 16:24:16.8063|SocialMediaAPI.Middleware.RequestLoggingMiddleware|INFO|Outgoing response: 200 
2024-05-14 16:24:26.8475|SocialMediaAPI.Middleware.RequestLoggingMiddleware|INFO|Incoming request: POST /api/users/login 
2024-05-14 16:24:26.8475|SocialMediaAPI.Controllers.CLUsersController|INFO|User controller constructor called 
2024-05-14 16:24:28.1060|SocialMediaAPI.Controllers.CLUsersController|INFO|Login method called 
2024-05-14 16:24:28.4356|SocialMediaAPI.Middleware.RequestLoggingMiddleware|INFO|Outgoing response: 200 
2024-05-14 16:24:56.3388|SocialMediaAPI.Middleware.RequestLoggingMiddleware|INFO|Incoming request: GET /api/users/details 
2024-05-14 16:24:56.4932|SocialMediaAPI.Controllers.CLUsersController|INFO|User controller constructor called 
2024-05-14 16:25:24.5221|SocialMediaAPI.Middleware.RequestLoggingMiddleware|INFO|Incoming request: GET /api/users/following 
2024-05-14 16:25:24.5445|SocialMediaAPI.Controllers.CLUsersController|INFO|User controller constructor called 
2024-05-14 16:25:31.9407|SocialMediaAPI.Middleware.RequestLoggingMiddleware|INFO|Incoming request: GET /api/users 
2024-05-14 16:25:31.9459|SocialMediaAPI.Controllers.CLUsersController|INFO|User controller constructor called 
2024-05-14 16:25:31.9630|SocialMediaAPI.Middleware.RequestLoggingMiddleware|INFO|Outgoing response: 200 
2024-05-14 16:25:38.3380|SocialMediaAPI.Middleware.RequestLoggingMiddleware|INFO|Incoming request: GET /api/users 
2024-05-14 16:25:38.3380|SocialMediaAPI.Controllers.CLUsersController|INFO|User controller constructor called 
2024-05-14 16:25:38.3380|SocialMediaAPI.Middleware.RequestLoggingMiddleware|INFO|Outgoing response: 200 
2024-05-14 16:26:30.5095|SocialMediaAPI.Middleware.RequestLoggingMiddleware|INFO|Incoming request: GET /api/users 
2024-05-14 16:26:30.5215|SocialMediaAPI.Middleware.RequestLoggingMiddleware|INFO|Outgoing response: 401 
2024-05-14 16:26:33.9608|SocialMediaAPI.Middleware.RequestLoggingMiddleware|INFO|Incoming request: GET /api/users 
2024-05-14 16:26:33.9608|SocialMediaAPI.Middleware.RequestLoggingMiddleware|INFO|Outgoing response: 401 
2024-05-14 16:26:39.2746|SocialMediaAPI.Middleware.RequestLoggingMiddleware|INFO|Incoming request: GET /api/users/details 
2024-05-14 16:26:39.2752|SocialMediaAPI.Middleware.RequestLoggingMiddleware|INFO|Outgoing response: 401 
2024-05-14 16:31:43.7514|SocialMediaAPI.Middleware.RequestLoggingMiddleware|INFO|Incoming request: POST /api/users/login 
2024-05-14 16:31:44.1189|SocialMediaAPI.Controllers.CLUsersController|INFO|User controller constructor called 
2024-05-14 16:31:46.1974|SocialMediaAPI.Controllers.CLUsersController|INFO|Login method called 
2024-05-14 16:31:48.0281|SocialMediaAPI.Middleware.RequestLoggingMiddleware|INFO|Outgoing response: 200 
2024-05-14 16:32:07.6187|SocialMediaAPI.Middleware.RequestLoggingMiddleware|INFO|Incoming request: GET /api/users 
2024-05-14 16:32:07.7282|SocialMediaAPI.Controllers.CLUsersController|INFO|User controller constructor called 
2024-05-14 17:03:30.0269|SocialMediaAPI.Middleware.RequestLoggingMiddleware|INFO|Incoming request: POST /api/users/login 
2024-05-14 17:03:30.6669|SocialMediaAPI.Controllers.CLUsersController|INFO|User controller constructor called 
2024-05-14 17:03:33.9979|SocialMediaAPI.Controllers.CLUsersController|INFO|Login method called 
2024-05-14 17:03:35.9061|SocialMediaAPI.Middleware.RequestLoggingMiddleware|INFO|Outgoing response: 200 
2024-05-14 17:04:06.6107|SocialMediaAPI.Middleware.RequestLoggingMiddleware|INFO|Incoming request: GET /api/users 
2024-05-14 17:04:06.7313|SocialMediaAPI.Controllers.CLUsersController|INFO|User controller constructor called 
2024-05-14 17:04:06.7924|SocialMediaAPI.Middleware.RequestLoggingMiddleware|INFO|Outgoing response: 200 
2024-05-14 17:04:24.2501|SocialMediaAPI.Middleware.RequestLoggingMiddleware|INFO|Incoming request: GET /api/users/details 
2024-05-14 17:04:24.2700|SocialMediaAPI.Controllers.CLUsersController|INFO|User controller constructor called 
2024-05-14 17:04:24.2840|SocialMediaAPI.Middleware.RequestLoggingMiddleware|INFO|Outgoing response: 200 
2024-05-14 17:08:09.7602|SocialMediaAPI.Middleware.RequestLoggingMiddleware|INFO|Incoming request: POST /api/users/login 
2024-05-14 17:08:09.7602|SocialMediaAPI.Controllers.CLUsersController|INFO|User controller constructor called 
2024-05-14 17:08:12.8387|SocialMediaAPI.Controllers.CLUsersController|INFO|Login method called 
2024-05-14 17:08:13.0930|SocialMediaAPI.Middleware.RequestLoggingMiddleware|INFO|Outgoing response: 200 
2024-05-14 17:09:27.7425|SocialMediaAPI.Middleware.RequestLoggingMiddleware|INFO|Incoming request: POST /api/posts/add 
2024-05-14 17:10:51.9386|SocialMediaAPI.BL.BLPosts|INFO|Post image upload successfully 
2024-05-14 17:11:07.7659|SocialMediaAPI.Middleware.RequestLoggingMiddleware|INFO|Outgoing response: 200 
2024-05-14 17:11:20.9728|SocialMediaAPI.Middleware.RequestLoggingMiddleware|INFO|Incoming request: GET /api/posts 
2024-05-14 17:11:20.9907|SocialMediaAPI.Middleware.RequestLoggingMiddleware|INFO|Outgoing response: 200 
2024-05-14 17:11:34.3690|SocialMediaAPI.Middleware.RequestLoggingMiddleware|INFO|Incoming request: GET /api/posts/me 
2024-05-14 17:11:34.3879|SocialMediaAPI.Middleware.RequestLoggingMiddleware|INFO|Outgoing response: 200 
2024-05-14 17:11:54.8424|SocialMediaAPI.Middleware.RequestLoggingMiddleware|INFO|Incoming request: PATCH /api/posts/6 
2024-05-14 17:11:54.8828|SocialMediaAPI.Middleware.RequestLoggingMiddleware|INFO|Outgoing response: 200 
2024-05-14 17:12:02.1172|SocialMediaAPI.Middleware.RequestLoggingMiddleware|INFO|Incoming request: GET /api/posts/me 
2024-05-14 17:12:02.1193|SocialMediaAPI.Middleware.RequestLoggingMiddleware|INFO|Outgoing response: 200 
2024-05-14 17:12:05.3470|SocialMediaAPI.Middleware.RequestLoggingMiddleware|INFO|Incoming request: GET /api/posts/me 
2024-05-14 17:12:05.3470|SocialMediaAPI.Middleware.RequestLoggingMiddleware|INFO|Outgoing response: 200 
2024-05-14 17:12:16.4270|SocialMediaAPI.Middleware.RequestLoggingMiddleware|INFO|Incoming request: PATCH /api/posts/6 
2024-05-14 17:12:16.4418|SocialMediaAPI.Middleware.RequestLoggingMiddleware|INFO|Outgoing response: 200 
2024-05-14 17:12:29.4523|SocialMediaAPI.Middleware.RequestLoggingMiddleware|INFO|Incoming request: GET /api/posts/me 
2024-05-14 17:12:29.4523|SocialMediaAPI.Middleware.RequestLoggingMiddleware|INFO|Outgoing response: 200 
2024-05-14 17:12:39.2348|SocialMediaAPI.Middleware.RequestLoggingMiddleware|INFO|Incoming request: PATCH /api/posts/6 
2024-05-14 17:12:39.2433|SocialMediaAPI.Middleware.RequestLoggingMiddleware|INFO|Outgoing response: 200 
2024-05-14 17:13:10.5415|SocialMediaAPI.Middleware.RequestLoggingMiddleware|INFO|Incoming request: PATCH /api/posts/6 
2024-05-14 17:15:28.9470|SocialMediaAPI.Middleware.RequestLoggingMiddleware|INFO|Outgoing response: 200 
2024-05-14 17:15:48.6758|SocialMediaAPI.Middleware.RequestLoggingMiddleware|INFO|Incoming request: PATCH /api/posts/6 
2024-05-14 17:16:52.0512|SocialMediaAPI.Middleware.RequestLoggingMiddleware|INFO|Outgoing response: 200 
2024-05-14 17:16:56.6419|SocialMediaAPI.Middleware.RequestLoggingMiddleware|INFO|Incoming request: PATCH /api/posts/6 
2024-05-14 17:18:29.2087|SocialMediaAPI.Middleware.RequestLoggingMiddleware|INFO|Outgoing response: 200 
2024-05-14 17:28:36.1117|SocialMediaAPI.Middleware.RequestLoggingMiddleware|INFO|Incoming request: PATCH /api/posts/6 
2024-05-14 17:28:36.3311|SocialMediaAPI.Middleware.RequestLoggingMiddleware|INFO|Outgoing response: 401 
2024-05-14 17:28:40.1736|SocialMediaAPI.Middleware.RequestLoggingMiddleware|INFO|Incoming request: PATCH /api/posts/6 
2024-05-14 17:28:40.1736|SocialMediaAPI.Middleware.RequestLoggingMiddleware|INFO|Outgoing response: 401 
2024-05-14 17:30:03.6597|SocialMediaAPI.Middleware.RequestLoggingMiddleware|INFO|Incoming request: POST /api/users/login 
2024-05-14 17:30:03.9252|SocialMediaAPI.Controllers.CLUsersController|INFO|User controller constructor called 
2024-05-14 17:30:45.4207|SocialMediaAPI.Controllers.CLUsersController|INFO|Login method called 
2024-05-14 17:30:48.0758|SocialMediaAPI.Middleware.RequestLoggingMiddleware|INFO|Outgoing response: 200 
2024-05-14 17:31:26.1686|SocialMediaAPI.Middleware.RequestLoggingMiddleware|INFO|Incoming request: PATCH /api/posts/6 
2024-05-14 17:32:59.1234|SocialMediaAPI.Middleware.RequestLoggingMiddleware|INFO|Outgoing response: 200 
2024-05-14 17:33:03.2456|SocialMediaAPI.Middleware.RequestLoggingMiddleware|INFO|Incoming request: PATCH /api/posts/6 
2024-05-14 17:34:32.4545|SocialMediaAPI.Middleware.RequestLoggingMiddleware|INFO|Incoming request: PATCH /api/posts/6 
2024-05-14 17:36:06.9545|SocialMediaAPI.Middleware.RequestLoggingMiddleware|INFO|Outgoing response: 200 
2024-05-14 17:36:15.6158|SocialMediaAPI.Middleware.RequestLoggingMiddleware|INFO|Incoming request: GET /api/posts/me 
2024-05-14 17:36:15.7038|SocialMediaAPI.Middleware.RequestLoggingMiddleware|INFO|Outgoing response: 200 
2024-05-14 17:36:52.9730|SocialMediaAPI.Middleware.RequestLoggingMiddleware|INFO|Incoming request: DELETE /api/posts/6 
2024-05-14 17:37:01.3953|SocialMediaAPI.BL.BLPosts|ERROR|exception :: Save :: Post :: Object reference not set to an instance of an object. 
2024-05-14 17:37:01.3953|SocialMediaAPI.Middleware.RequestLoggingMiddleware|INFO|Outgoing response: 200 
2024-05-14 17:37:04.0459|SocialMediaAPI.Middleware.RequestLoggingMiddleware|INFO|Incoming request: DELETE /api/posts/6 
2024-05-14 17:37:55.1184|SocialMediaAPI.Middleware.RequestLoggingMiddleware|INFO|Incoming request: GET /api/posts/me 
2024-05-14 17:37:56.3099|SocialMediaAPI.Middleware.RequestLoggingMiddleware|INFO|Outgoing response: 200 
2024-05-14 17:38:03.3327|SocialMediaAPI.Middleware.RequestLoggingMiddleware|INFO|Incoming request: DELETE /api/posts/6 
2024-05-14 17:38:33.0176|SocialMediaAPI.BL.BLPosts|ERROR|exception :: Delete :: Object reference not set to an instance of an object. 
2024-05-14 17:38:33.0176|SocialMediaAPI.Middleware.RequestLoggingMiddleware|INFO|Outgoing response: 200 
2024-05-14 17:38:35.5900|SocialMediaAPI.Middleware.RequestLoggingMiddleware|INFO|Incoming request: DELETE /api/posts/6 
2024-05-14 17:39:42.1994|SocialMediaAPI.BL.BLPosts|ERROR|exception :: IsExist :: You have an error in your SQL syntax; check the manual that corresponds to your MySQL server version for the right syntax to use near 'FROM 
                                    Pos01 
                             ' at line 4 
2024-05-14 17:39:42.1994|SocialMediaAPI.Middleware.RequestLoggingMiddleware|INFO|Outgoing response: 200 
2024-05-14 17:40:04.2354|SocialMediaAPI.Middleware.RequestLoggingMiddleware|INFO|Incoming request: DELETE /api/posts/6 
2024-05-14 17:40:15.2673|SocialMediaAPI.BL.BLPosts|ERROR|exception :: IsExist :: Object reference not set to an instance of an object. 
2024-05-14 17:40:15.2673|SocialMediaAPI.Middleware.RequestLoggingMiddleware|INFO|Outgoing response: 200 
2024-05-14 17:40:35.0103|SocialMediaAPI.Middleware.RequestLoggingMiddleware|INFO|Incoming request: DELETE /api/posts/6 
2024-05-14 17:41:51.6023|SocialMediaAPI.BL.BLPosts|ERROR|exception :: IsExist :: Object reference not set to an instance of an object. 
2024-05-14 17:42:55.8325|SocialMediaAPI.Middleware.RequestLoggingMiddleware|INFO|Outgoing response: 200 
2024-05-14 17:43:08.0643|SocialMediaAPI.Middleware.RequestLoggingMiddleware|INFO|Incoming request: GET /api/posts/me 
2024-05-14 17:43:08.0721|SocialMediaAPI.Middleware.RequestLoggingMiddleware|INFO|Outgoing response: 200 
