2024-04-08 10:53:19.9658|SocialMediaAPI.Controllers.CLUsersController|INFO|user constructor called 
2024-04-08 10:53:20.1951|SocialMediaAPI.Controllers.CLUsersController|INFO|login method called 
2024-04-08 10:57:00.1647|SocialMediaAPI.BL.BLPosts|INFO|Post image upload successfully 
2024-04-08 11:03:46.9006|SocialMediaAPI.Controllers.CLUsersController|INFO|user constructor called 
2024-04-08 11:03:47.0783|SocialMediaAPI.Controllers.CLUsersController|INFO|login method called 
2024-04-08 11:06:05.3786|SocialMediaAPI.Controllers.CLUsersController|INFO|user constructor called 
2024-04-08 11:06:05.3816|SocialMediaAPI.Controllers.CLUsersController|INFO|login method called 
2024-04-08 11:06:54.9193|SocialMediaAPI.BL.BLPosts|INFO|Post image upload successfully 
2024-04-08 11:09:00.4225|SocialMediaAPI.Controllers.CLUsersController|INFO|user constructor called 
2024-04-08 11:09:00.4225|SocialMediaAPI.Controllers.CLUsersController|INFO|login method called 
2024-04-08 11:09:00.4421|SocialMediaAPI.BL.BLUsers|ERROR|Username or password is incorrect 
2024-04-08 11:09:07.2919|SocialMediaAPI.Controllers.CLUsersController|INFO|user constructor called 
2024-04-08 11:09:07.2919|SocialMediaAPI.Controllers.CLUsersController|INFO|login method called 
2024-04-08 11:11:15.3671|SocialMediaAPI.Controllers.CLUsersController|INFO|user constructor called 
2024-04-08 11:11:15.3703|SocialMediaAPI.Controllers.CLUsersController|INFO|login method called 
2024-04-08 11:59:29.8831|SocialMediaAPI.Controllers.CLUsersController|INFO|user constructor called 
2024-04-08 11:59:41.0356|SocialMediaAPI.Controllers.CLUsersController|INFO|user constructor called 
2024-04-08 11:59:45.5343|SocialMediaAPI.Controllers.CLUsersController|INFO|user constructor called 
2024-04-08 12:00:28.4926|SocialMediaAPI.Controllers.CLUsersController|INFO|user constructor called 
2024-04-08 12:00:28.5548|SocialMediaAPI.Controllers.CLUsersController|INFO|login method called 
2024-04-08 12:00:45.3841|SocialMediaAPI.Controllers.CLUsersController|INFO|user constructor called 
2024-04-08 12:02:55.5737|SocialMediaAPI.Controllers.CLUsersController|INFO|user constructor called 
2024-04-08 12:03:39.8819|SocialMediaAPI.Controllers.CLUsersController|INFO|user constructor called 
2024-04-08 12:06:46.0677|SocialMediaAPI.Controllers.CLUsersController|INFO|user constructor called 
2024-04-08 12:06:46.2310|SocialMediaAPI.Controllers.CLUsersController|INFO|signup method called 
2024-04-08 12:07:11.2633|SocialMediaAPI.Controllers.CLUsersController|INFO|user constructor called 
2024-04-08 12:07:11.2633|SocialMediaAPI.Controllers.CLUsersController|INFO|login method called 
2024-04-08 12:07:44.2618|SocialMediaAPI.Controllers.CLUsersController|INFO|user constructor called 
2024-04-08 12:08:20.8393|SocialMediaAPI.Controllers.CLUsersController|INFO|user constructor called 
2024-04-08 12:08:27.0142|SocialMediaAPI.Controllers.CLUsersController|INFO|user constructor called 
2024-04-08 12:08:31.0990|SocialMediaAPI.Controllers.CLUsersController|INFO|user constructor called 
2024-04-08 12:08:36.3047|SocialMediaAPI.Controllers.CLUsersController|INFO|user constructor called 
2024-04-08 13:17:51.5941|SocialMediaAPI.Controllers.CLUsersController|INFO|user constructor called 
2024-04-08 13:17:52.0169|SocialMediaAPI.Controllers.CLUsersController|INFO|login method called 
2024-04-08 13:18:43.9425|SocialMediaAPI.BL.BLPosts|INFO|Post image upload successfully 
2024-04-08 14:51:36.7747|SocialMediaAPI.BL.BLPosts|ERROR|exception :: post img delete :: Object reference not set to an instance of an object. 
2024-04-08 14:51:37.9812|SocialMediaAPI.BL.BLPosts|INFO|Post image upload successfully 
2024-04-08 14:51:44.5604|SocialMediaAPI.BL.BLPosts|ERROR|exception :: post update :: Object reference not set to an instance of an object. 
2024-04-08 14:52:38.8295|SocialMediaAPI.BL.BLPosts|ERROR|exception :: post img delete :: Object reference not set to an instance of an object. 
2024-04-08 14:52:39.4336|SocialMediaAPI.BL.BLPosts|INFO|Post image upload successfully 
2024-04-08 14:56:33.0645|SocialMediaAPI.BL.BLPosts|INFO|Post image upload successfully 
2024-04-08 14:57:33.8210|SocialMediaAPI.BL.BLPosts|ERROR|exception :: post update :: Object reference not set to an instance of an object. 
2024-04-08 15:00:03.9395|SocialMediaAPI.BL.BLPosts|INFO|Post image upload successfully 
2024-04-08 15:00:12.3565|SocialMediaAPI.BL.BLPosts|ERROR|exception :: post update :: Object reference not set to an instance of an object. 
2024-04-08 15:03:27.0677|SocialMediaAPI.BL.BLPosts|INFO|Post image upload successfully 
2024-04-08 15:07:49.2931|SocialMediaAPI.BL.BLPosts|INFO|Post image upload successfully 
