2024-04-05 11:01:50.6912|SocialMediaAPI.Controllers.CLUsersController|INFO|user constructor called 
2024-04-05 11:01:50.9476|SocialMediaAPI.Controllers.CLUsersController|INFO|signup method called 
2024-04-05 11:02:30.8535|SocialMediaAPI.Controllers.CLUsersController|INFO|user constructor called 
2024-04-05 11:02:30.8663|SocialMediaAPI.Controllers.CLUsersController|INFO|get users method called : role is Admin 
2024-04-05 11:10:29.4195|SocialMediaAPI.Controllers.CLUsersController|INFO|user constructor called 
2024-04-05 11:10:29.4490|SocialMediaAPI.Controllers.CLUsersController|INFO|get users method called : role is Admin 
2024-04-05 11:12:44.8060|SocialMediaAPI.Controllers.CLUsersController|INFO|user constructor called 
2024-04-05 11:12:44.8060|SocialMediaAPI.Controllers.CLUsersController|INFO|get users method called : role is Admin 
2024-04-05 11:13:03.8866|SocialMediaAPI.Controllers.CLUsersController|INFO|user constructor called 
2024-04-05 11:13:03.8866|SocialMediaAPI.Controllers.CLUsersController|INFO|get users method called : role is Admin 
2024-04-05 11:16:03.9076|SocialMediaAPI.Controllers.CLUsersController|INFO|user constructor called 
2024-04-05 11:16:03.9076|SocialMediaAPI.Controllers.CLUsersController|INFO|get users method called : role is Admin 
2024-04-05 11:16:04.9787|SocialMediaAPI.Controllers.CLUsersController|INFO|user constructor called 
2024-04-05 11:16:04.9787|SocialMediaAPI.Controllers.CLUsersController|INFO|get users method called : role is Admin 
2024-04-05 11:16:20.5738|SocialMediaAPI.Controllers.CLUsersController|INFO|user constructor called 
2024-04-05 11:16:20.6363|SocialMediaAPI.Controllers.CLUsersController|INFO|get users method called : role is Admin 
2024-04-05 11:17:23.8781|SocialMediaAPI.Controllers.CLUsersController|INFO|user constructor called 
2024-04-05 11:17:30.6829|SocialMediaAPI.Controllers.CLUsersController|INFO|get users method called : role is Admin 
2024-04-05 11:18:07.7974|SocialMediaAPI.Controllers.CLUsersController|INFO|user constructor called 
2024-04-05 11:18:08.4489|SocialMediaAPI.Controllers.CLUsersController|INFO|get users method called : role is Admin 
2024-04-05 11:18:49.9739|SocialMediaAPI.Controllers.CLUsersController|INFO|user constructor called 
2024-04-05 11:18:56.4389|SocialMediaAPI.Controllers.CLUsersController|INFO|get users method called : role is Admin 
2024-04-05 11:36:23.1836|SocialMediaAPI.Controllers.CLUsersController|INFO|user constructor called 
2024-04-05 11:36:23.2696|SocialMediaAPI.Controllers.CLUsersController|INFO|get users method called : role is Admin 
2024-04-05 12:42:56.2083|SocialMediaAPI.Controllers.CLUsersController|INFO|user constructor called 
2024-04-05 12:43:08.6321|SocialMediaAPI.Controllers.CLUsersController|INFO|signup method called 
2024-04-05 12:44:21.6627|SocialMediaAPI.Controllers.CLUsersController|INFO|user constructor called 
2024-04-05 12:44:23.8298|SocialMediaAPI.Controllers.CLUsersController|INFO|get users method called : role is Admin 
2024-04-05 12:49:41.4678|SocialMediaAPI.Controllers.CLUsersController|INFO|user constructor called 
2024-04-05 12:49:46.8074|SocialMediaAPI.Controllers.CLUsersController|INFO|signup method called 
2024-04-05 12:50:53.5098|SocialMediaAPI.Controllers.CLUsersController|INFO|user constructor called 
2024-04-05 12:50:56.0260|SocialMediaAPI.Controllers.CLUsersController|INFO|get users method called : role is Admin 
2024-04-05 12:57:13.9259|SocialMediaAPI.Controllers.CLUsersController|INFO|user constructor called 
2024-04-05 12:57:21.7926|SocialMediaAPI.Controllers.CLUsersController|INFO|signup method called 
2024-04-05 12:58:47.8007|SocialMediaAPI.Controllers.CLUsersController|INFO|user constructor called 
2024-04-05 12:58:50.7985|SocialMediaAPI.Controllers.CLUsersController|INFO|get users method called : role is Admin 
2024-04-05 13:00:53.6662|SocialMediaAPI.Controllers.CLUsersController|INFO|user constructor called 
2024-04-05 13:01:02.5220|SocialMediaAPI.Controllers.CLUsersController|INFO|signup method called 
2024-04-05 13:04:00.8810|SocialMediaAPI.Controllers.CLUsersController|INFO|user constructor called 
2024-04-05 13:04:06.7497|SocialMediaAPI.Controllers.CLUsersController|INFO|signup method called 
2024-04-05 13:05:30.0874|SocialMediaAPI.Controllers.CLUsersController|INFO|user constructor called 
2024-04-05 13:05:35.7879|SocialMediaAPI.Controllers.CLUsersController|INFO|get users method called : role is Admin 
2024-04-05 17:01:07.0914|SocialMediaAPI.Controllers.CLUsersController|INFO|user constructor called 
2024-04-05 17:01:10.5770|SocialMediaAPI.Controllers.CLUsersController|INFO|get users method called : role is Admin 
2024-04-05 17:06:08.3692|SocialMediaAPI.Controllers.CLUsersController|INFO|user constructor called 
2024-04-05 17:06:11.7845|SocialMediaAPI.Controllers.CLUsersController|INFO|get users method called : role is Admin 
2024-04-05 17:11:32.4656|SocialMediaAPI.Controllers.CLUsersController|INFO|user constructor called 
2024-04-05 17:12:20.3789|SocialMediaAPI.Controllers.CLUsersController|INFO|user constructor called 
2024-04-05 17:12:23.6813|SocialMediaAPI.Controllers.CLUsersController|INFO|signup method called 
2024-04-05 17:13:09.2254|SocialMediaAPI.Controllers.CLUsersController|INFO|user constructor called 
2024-04-05 17:13:12.8152|SocialMediaAPI.Controllers.CLUsersController|INFO|get users method called : role is Admin 
2024-04-05 17:15:19.8448|SocialMediaAPI.Controllers.CLUsersController|INFO|user constructor called 
2024-04-05 17:15:21.2761|SocialMediaAPI.Controllers.CLUsersController|INFO|get users method called : role is Admin 
2024-04-05 17:21:44.3828|SocialMediaAPI.Controllers.CLUsersController|INFO|user constructor called 
2024-04-05 17:21:44.5092|SocialMediaAPI.Controllers.CLUsersController|INFO|login method called 
2024-04-05 17:24:50.7984|SocialMediaAPI.Controllers.CLUsersController|INFO|user constructor called 
2024-04-05 17:24:50.9145|SocialMediaAPI.Controllers.CLUsersController|INFO|login method called 
2024-04-05 17:26:45.4154|SocialMediaAPI.Controllers.CLUsersController|INFO|user constructor called 
2024-04-05 17:26:50.3622|SocialMediaAPI.Controllers.CLUsersController|INFO|get users method called : role is Admin 
2024-04-05 17:29:22.4949|SocialMediaAPI.Controllers.CLUsersController|INFO|user constructor called 
2024-04-05 17:29:26.3618|SocialMediaAPI.Controllers.CLUsersController|INFO|signup method called 
2024-04-05 17:30:10.8476|SocialMediaAPI.BL.BLUsers|ERROR|exception :: user profile picture upload or password hash :: Object reference not set to an instance of an object. 
2024-04-05 17:30:53.0582|SocialMediaAPI.Controllers.CLUsersController|INFO|user constructor called 
2024-04-05 17:30:58.6982|SocialMediaAPI.Controllers.CLUsersController|INFO|get users method called : role is Admin 
2024-04-05 17:33:11.3930|SocialMediaAPI.Controllers.CLUsersController|INFO|user constructor called 
2024-04-05 17:34:46.3448|SocialMediaAPI.Controllers.CLUsersController|INFO|signup method called 
2024-04-05 17:35:54.8501|SocialMediaAPI.Controllers.CLUsersController|INFO|user constructor called 
2024-04-05 17:35:56.8644|SocialMediaAPI.Controllers.CLUsersController|INFO|get users method called : role is Admin 
2024-04-05 17:38:39.7626|SocialMediaAPI.Controllers.CLUsersController|INFO|user constructor called 
2024-04-05 17:38:39.7626|SocialMediaAPI.Controllers.CLUsersController|INFO|login method called 
2024-04-05 17:38:47.5406|SocialMediaAPI.Controllers.CLUsersController|INFO|user constructor called 
2024-04-05 17:38:47.5406|SocialMediaAPI.Controllers.CLUsersController|INFO|login method called 
2024-04-05 17:43:31.0837|SocialMediaAPI.BL.BLPosts|INFO|Post image upload successfully 
2024-04-05 17:53:31.8228|SocialMediaAPI.BL.BLPosts|ERROR|exception :: post image upload :: The filename, directory name, or volume label syntax is incorrect. : 'F:\Dev - 372\New folder\API training\DotNet Core\SocialMediaAPI\SocialMediaAPI\Upload\Post\105-04-2024 17:50:26.jpg' 
2024-04-05 17:55:46.4597|SocialMediaAPI.BL.BLPosts|INFO|Post image upload successfully 
